nohup: ignoring input
[0mGET /auth.html [36m304 [0m7.031 ms - -[0m
[0mGET /javascripts/script.js [36m304 [0m3.157 ms - -[0m
[0mGET /stylesheets/main.css [32m200 [0m6.606 ms - 9256[0m
[0mGET /javascripts/other.js [36m304 [0m0.299 ms - -[0m
[0mGET /auth.html [36m304 [0m0.328 ms - -[0m
[0mGET /stylesheets/main.css [36m304 [0m0.615 ms - -[0m
[0mGET /javascripts/script.js [36m304 [0m0.215 ms - -[0m
[0mGET /javascripts/other.js [36m304 [0m0.308 ms - -[0m
[0mGET /auth.html [36m304 [0m0.312 ms - -[0m
[0mGET /stylesheets/main.css [36m304 [0m0.544 ms - -[0m
[0mGET /javascripts/script.js [36m304 [0m0.540 ms - -[0m
[0mGET /javascripts/other.js [36m304 [0m0.299 ms - -[0m
[0mGET /auth.html [32m200 [0m1.282 ms - 2953[0m
[0mGET /stylesheets/main.css [32m200 [0m0.723 ms - 9256[0m
[0mGET /javascripts/script.js [32m200 [0m1.611 ms - 4585[0m
[0mGET /javascripts/other.js [32m200 [0m2.358 ms - 512[0m
[0mGET /favicon.ico [33m404 [0m345.045 ms - 1392[0m
[0mGET /auth.html [32m200 [0m5.317 ms - 2953[0m
[0mGET /stylesheets/main.css [32m200 [0m0.819 ms - 9256[0m
[0mGET /javascripts/script.js [32m200 [0m1.787 ms - 4585[0m
[0mGET /javascripts/other.js [32m200 [0m0.705 ms - 512[0m
[0mGET /favicon.ico [33m404 [0m40.100 ms - 1392[0m
[0mGET /auth.html [32m200 [0m21.602 ms - 2953[0m
[0mGET /stylesheets/main.css [32m200 [0m2.168 ms - 9256[0m
[0mGET /javascripts/script.js [32m200 [0m1.153 ms - 4585[0m
[0mGET /javascripts/other.js [32m200 [0m1.305 ms - 512[0m
[0mGET /favicon.ico [33m404 [0m48.117 ms - 1392[0m
[0mGET /auth.html [32m200 [0m0.537 ms - 2953[0m
[0mGET /stylesheets/main.css [32m200 [0m0.509 ms - 9256[0m
[0mGET /javascripts/script.js [32m200 [0m0.506 ms - 4585[0m
[0mGET /javascripts/other.js [32m200 [0m0.339 ms - 512[0m
[0mGET /favicon.ico [33m404 [0m27.121 ms - 1392[0m
[0mGET /auth.html [36m304 [0m1.185 ms - -[0m
[0mGET /stylesheets/main.css [36m304 [0m0.405 ms - -[0m
[0mGET /javascripts/script.js [36m304 [0m0.196 ms - -[0m
[0mGET /javascripts/other.js [36m304 [0m0.201 ms - -[0m
[0mGET /auth.html [36m304 [0m0.323 ms - -[0m
[0mGET /stylesheets/main.css [36m304 [0m0.328 ms - -[0m
[0mGET /javascripts/script.js [36m304 [0m0.443 ms - -[0m
[0mGET /javascripts/other.js [36m304 [0m0.440 ms - -[0m
[0mGET /auth.html [32m200 [0m1.001 ms - 2953[0m
[0mGET /javascripts/other.js [32m200 [0m1.692 ms - 512[0m
[0mGET /stylesheets/main.css [32m200 [0m1.225 ms - 9256[0m
[0mGET /javascripts/script.js [32m200 [0m1.270 ms - 4585[0m
[0mGET /favicon.ico [33m404 [0m45.646 ms - 1392[0m
[0mGET /auth.html [36m304 [0m0.363 ms - -[0m
[0mGET /stylesheets/main.css [36m304 [0m1.628 ms - -[0m
[0mGET /javascripts/other.js [36m304 [0m0.814 ms - -[0m
[0mGET /javascripts/script.js [36m304 [0m0.809 ms - -[0m
[0mGET /auth.html [36m304 [0m0.316 ms - -[0m
[0mGET /javascripts/script.js [36m304 [0m1.079 ms - -[0m
[0mGET /stylesheets/main.css [36m304 [0m1.801 ms - -[0m
[0mGET /javascripts/other.js [36m304 [0m0.216 ms - -[0m
[0mGET /auth.html [32m200 [0m1.185 ms - 2953[0m
[0mGET /stylesheets/main.css [32m200 [0m0.898 ms - 9256[0m
[0mGET /javascripts/script.js [32m200 [0m0.459 ms - 4585[0m
[0mGET /javascripts/other.js [32m200 [0m0.322 ms - 512[0m
[0mGET /favicon.ico [33m404 [0m12.369 ms - 1392[0m
[0mGET /auth.html [36m304 [0m0.752 ms - -[0m
[0mGET /stylesheets/main.css [36m304 [0m0.394 ms - -[0m
[0mGET /javascripts/script.js [36m304 [0m0.210 ms - -[0m
[0mGET /javascripts/other.js [36m304 [0m0.338 ms - -[0m
[0mGET /auth.html [32m200 [0m0.511 ms - 2953[0m
[0mGET /stylesheets/main.css [32m200 [0m0.503 ms - 9256[0m
[0mGET /javascripts/script.js [32m200 [0m1.408 ms - 4585[0m
[0mGET /javascripts/other.js [32m200 [0m1.296 ms - 512[0m
[0mGET /favicon.ico [33m404 [0m7.082 ms - 1392[0m
[0mGET / [32m200 [0m0.907 ms - 1241[0m
[0mGET //recordings/ [33m404 [0m11.336 ms - 1392[0m
[0mGET //recordings/ [33m404 [0m18.516 ms - 1392[0m
[0mGET / [32m200 [0m0.960 ms - 1241[0m
[0mGET / [32m200 [0m0.434 ms - 1241[0m
[0mPOST /login.gch [33m404 [0m42.939 ms - 1392[0m
[0mPOST /manager_dev_ping_t.gch [33m404 [0m9.863 ms - 1392[0m
[0mGET /getpage.gch?pid=1001&logout=1 [33m404 [0m6.057 ms - 1392[0m
[0mPOST /login.gch [33m404 [0m8.782 ms - 1392[0m
[0mPOST /manager_dev_ping_t.gch [33m404 [0m12.140 ms - 1392[0m
[0mGET /getpage.gch?pid=1001&logout=1 [33m404 [0m8.389 ms - 1392[0m
[0mPOST /login.gch [33m404 [0m7.966 ms - 1392[0m
[0mPOST /manager_dev_ping_t.gch [33m404 [0m6.967 ms - 1392[0m
[0mGET /getpage.gch?pid=1001&logout=1 [33m404 [0m4.350 ms - 1392[0m
[0mPOST /login.gch [33m404 [0m4.846 ms - 1392[0m
[0mPOST /manager_dev_ping_t.gch [33m404 [0m15.037 ms - 1392[0m
[0mGET /getpage.gch?pid=1001&logout=1 [33m404 [0m13.330 ms - 1392[0m
[0mHEAD /robots.txt [33m404 [0m6.934 ms - 1392[0m
[0mGET / [32m200 [0m4.209 ms - 1241[0m
[0mGET //admin/ajax.php [33m404 [0m4.387 ms - 1392[0m
[0mGET / [32m200 [0m1.006 ms - 1241[0m
[0mGET / [32m200 [0m1.196 ms - 1241[0m
[0mGET / [32m200 [0m0.556 ms - 1241[0m
[0mGET / [32m200 [0m0.478 ms - 1241[0m
[0mGET /manager/html [33m404 [0m8.119 ms - 1392[0m
