0 info it worked if it ends with ok
1 verbose cli [ 'node', '/usr/bin/npm', 'install', 'npm', '-g' ]
2 info using npm@1.3.6
3 info using node@v0.10.48
4 verbose cache add [ 'npm', null ]
5 verbose cache add name=undefined spec="npm" args=["npm",null]
6 verbose parsed url { protocol: null,
6 verbose parsed url   slashes: null,
6 verbose parsed url   auth: null,
6 verbose parsed url   host: null,
6 verbose parsed url   port: null,
6 verbose parsed url   hostname: null,
6 verbose parsed url   hash: null,
6 verbose parsed url   search: null,
6 verbose parsed url   query: null,
6 verbose parsed url   pathname: 'npm',
6 verbose parsed url   path: 'npm',
6 verbose parsed url   href: 'npm' }
7 silly lockFile 660051d1-npm npm
8 verbose lock npm /home/ec2-user/.npm/660051d1-npm.lock
9 silly lockFile 660051d1-npm npm
10 silly lockFile 660051d1-npm npm
11 verbose addNamed [ 'npm', '' ]
12 verbose addNamed [ null, '*' ]
13 silly lockFile 2f990b75-npm npm@
14 verbose lock npm@ /home/ec2-user/.npm/2f990b75-npm.lock
15 silly addNameRange { name: 'npm', range: '*', hasData: false }
16 verbose url raw npm
17 verbose url resolving [ 'http://registry.npmjs.org/', './npm' ]
18 verbose url resolved http://registry.npmjs.org/npm
19 info trying registry request attempt 1 at 22:57:08
20 verbose etag "819232ae9bba0c3d9339a84460665764"
21 http GET http://registry.npmjs.org/npm
22 http 304 http://registry.npmjs.org/npm
23 silly registry.get cb [ 304,
23 silly registry.get   { date: 'Mon, 22 Oct 2018 22:57:08 GMT',
23 silly registry.get     connection: 'keep-alive',
23 silly registry.get     'set-cookie': [ '__cfduid=de54452d8aab654792b35085442751acf1540249028; expires=Tue, 22-Oct-19 22:57:08 GMT; path=/; domain=.registry.npmjs.org; HttpOnly' ],
23 silly registry.get     'cf-cache-status': 'HIT',
23 silly registry.get     'cache-control': 'max-age=300',
23 silly registry.get     'cf-ray': '46df8fab1621c1b3-IAD',
23 silly registry.get     etag: '"819232ae9bba0c3d9339a84460665764"',
23 silly registry.get     'expect-ct': 'max-age=604800, report-uri="https://report-uri.cloudflare.com/cdn-cgi/beacon/expect-ct"',
23 silly registry.get     'last-modified': 'Wed, 29 Aug 2018 18:23:44 GMT',
23 silly registry.get     vary: 'accept-encoding, accept',
23 silly registry.get     'x-amz-meta-rev': '1984-3da252d93ed0670df494eabc793a1b6c',
23 silly registry.get     server: 'cloudflare' } ]
24 verbose etag npm from cache
25 silly addNameRange number 2 { name: 'npm', range: '*', hasData: true }
26 silly addNameRange versions [ 'npm',
26 silly addNameRange   [ '1.1.25',
26 silly addNameRange     '1.2.32',
26 silly addNameRange     '1.3.2',
26 silly addNameRange     '1.3.4',
26 silly addNameRange     '1.2.20',
26 silly addNameRange     '1.2.21',
26 silly addNameRange     '1.2.22',
26 silly addNameRange     '1.2.23',
26 silly addNameRange     '1.2.24',
26 silly addNameRange     '1.2.25',
26 silly addNameRange     '1.2.27',
26 silly addNameRange     '1.2.28',
26 silly addNameRange     '1.2.30',
26 silly addNameRange     '1.2.31',
26 silly addNameRange     '1.3.0',
26 silly addNameRange     '1.3.1',
26 silly addNameRange     '1.2.19',
26 silly addNameRange     '1.1.70',
26 silly addNameRange     '1.1.71',
26 silly addNameRange     '1.3.5',
26 silly addNameRange     '1.3.6',
26 silly addNameRange     '1.3.7',
26 silly addNameRange     '1.3.8',
26 silly addNameRange     '1.3.9',
26 silly addNameRange     '1.3.10',
26 silly addNameRange     '1.3.11',
26 silly addNameRange     '1.3.12',
26 silly addNameRange     '1.3.13',
26 silly addNameRange     '1.3.14',
26 silly addNameRange     '1.3.15',
26 silly addNameRange     '1.3.16',
26 silly addNameRange     '1.3.17',
26 silly addNameRange     '1.3.18',
26 silly addNameRange     '1.3.20',
26 silly addNameRange     '1.3.21',
26 silly addNameRange     '1.3.22',
26 silly addNameRange     '1.3.23',
26 silly addNameRange     '1.3.24',
26 silly addNameRange     '1.3.25',
26 silly addNameRange     '1.3.26',
26 silly addNameRange     '1.4.0',
26 silly addNameRange     '1.4.1',
26 silly addNameRange     '1.4.2',
26 silly addNameRange     '1.4.3',
26 silly addNameRange     '1.4.4',
26 silly addNameRange     '1.4.5',
26 silly addNameRange     '1.4.6',
26 silly addNameRange     '1.4.7',
26 silly addNameRange     '1.4.8',
26 silly addNameRange     '1.4.9',
26 silly addNameRange     '1.4.10',
26 silly addNameRange     '1.4.11',
26 silly addNameRange     '1.4.12',
26 silly addNameRange     '1.4.13',
26 silly addNameRange     '1.4.14',
26 silly addNameRange     '1.4.15',
26 silly addNameRange     '1.4.16',
26 silly addNameRange     '1.2.8000',
26 silly addNameRange     '1.4.17',
26 silly addNameRange     '1.4.18',
26 silly addNameRange     '1.4.19',
26 silly addNameRange     '1.5.0-alpha-0',
26 silly addNameRange     '1.5.0-alpha-1',
26 silly addNameRange     '1.4.20',
26 silly addNameRange     '1.5.0-alpha-2',
26 silly addNameRange     '1.4.21',
26 silly addNameRange     '1.5.0-alpha-3',
26 silly addNameRange     '1.5.0-alpha-4',
26 silly addNameRange     '2.0.0-alpha-5',
26 silly addNameRange     '1.4.22',
26 silly addNameRange     '1.4.23',
26 silly addNameRange     '2.0.0-alpha.6.0',
26 silly addNameRange     '1.4.24',
26 silly addNameRange     '2.0.0-alpha.6',
26 silly addNameRange     '2.0.0-alpha.7',
26 silly addNameRange     '2.0.0-beta.0',
26 silly addNameRange     '1.4.25',
26 silly addNameRange     '2.0.0-beta.1',
26 silly addNameRange     '1.4.26',
26 silly addNameRange     '2.0.0-beta.2',
26 silly addNameRange     '1.4.27',
26 silly addNameRange     '2.0.0-beta.3',
26 silly addNameRange     '1.4.28',
26 silly addNameRange     '2.0.0',
26 silly addNameRange     '2.0.1',
26 silly addNameRange     '2.0.2',
26 silly addNameRange     '2.1.0',
26 silly addNameRange     '2.1.1',
26 silly addNameRange     '2.1.2',
26 silly addNameRange     '2.1.3',
26 silly addNameRange     '2.1.4',
26 silly addNameRange     '2.1.5',
26 silly addNameRange     '2.1.6',
26 silly addNameRange     '2.1.7',
26 silly addNameRange     '2.1.8',
26 silly addNameRange     '2.1.9',
26 silly addNameRange     '2.1.10',
26 silly addNameRange     '2.1.11',
26 silly addNameRange     '2.1.12',
26 silly addNameRange     '2.1.13',
26 silly addNameRange     '2.1.14',
26 silly addNameRange     '2.1.15',
26 silly addNameRange     '2.1.16',
26 silly addNameRange     '2.1.17',
26 silly addNameRange     '2.1.18',
26 silly addNameRange     '2.2.0',
26 silly addNameRange     '2.3.0',
26 silly addNameRange     '2.4.0',
26 silly addNameRange     '2.4.1',
26 silly addNameRange     '2.5.0',
26 silly addNameRange     '2.5.1',
26 silly addNameRange     '2.6.0',
26 silly addNameRange     '2.6.1',
26 silly addNameRange     '2.7.0',
26 silly addNameRange     '2.7.1',
26 silly addNameRange     '2.7.2',
26 silly addNameRange     '2.7.3',
26 silly addNameRange     '2.7.4',
26 silly addNameRange     '2.7.5',
26 silly addNameRange     '2.7.6',
26 silly addNameRange     '2.8.0',
26 silly addNameRange     '2.8.1',
26 silly addNameRange     '2.8.2',
26 silly addNameRange     '2.8.3',
26 silly addNameRange     '2.8.4',
26 silly addNameRange     '2.9.0',
26 silly addNameRange     '2.9.1',
26 silly addNameRange     '2.10.0',
26 silly addNameRange     '2.10.1',
26 silly addNameRange     '2.11.0',
26 silly addNameRange     '2.11.1',
26 silly addNameRange     '2.11.2',
26 silly addNameRange     '2.11.3',
26 silly addNameRange     '2.12.0',
26 silly addNameRange     '3.0.0',
26 silly addNameRange     '2.12.1',
26 silly addNameRange     '2.13.0',
26 silly addNameRange     '3.1.0',
26 silly addNameRange     '2.13.1',
26 silly addNameRange     '3.1.1',
26 silly addNameRange     '3.1.2',
26 silly addNameRange     '2.13.2',
26 silly addNameRange     '3.1.3',
26 silly addNameRange     '2.13.3',
26 silly addNameRange     '3.2.0',
26 silly addNameRange     '2.13.4',
26 silly addNameRange     '3.2.1',
26 silly addNameRange     '2.13.5',
26 silly addNameRange     '3.2.2',
26 silly addNameRange     '2.14.0',
26 silly addNameRange     '3.3.0',
26 silly addNameRange     '2.14.1',
26 silly addNameRange     '2.14.2',
26 silly addNameRange     '3.3.1',
26 silly addNameRange     '2.14.3',
26 silly addNameRange     '3.3.2',
26 silly addNameRange     '2.14.4',
26 silly addNameRange     '3.3.3',
26 silly addNameRange     '2.14.5',
26 silly addNameRange     '3.3.4',
26 silly addNameRange     '2.14.6',
26 silly addNameRange     '3.3.5',
26 silly addNameRange     '3.3.6',
26 silly addNameRange     '2.14.7',
26 silly addNameRange     '2.14.8',
26 silly addNameRange     '3.3.7',
26 silly addNameRange     '3.3.8',
26 silly addNameRange     '3.3.9',
26 silly addNameRange     '3.3.10',
26 silly addNameRange     '2.14.9',
26 silly addNameRange     '3.3.11',
26 silly addNameRange     '1.4.29',
26 silly addNameRange     '3.3.12',
26 silly addNameRange     '2.14.10',
26 silly addNameRange     '3.4.0',
26 silly addNameRange     '3.4.1',
26 silly addNameRange     '2.14.11',
26 silly addNameRange     '2.14.12',
26 silly addNameRange     '3.5.0',
26 silly addNameRange     '3.5.1',
26 silly addNameRange     '2.14.13',
26 silly addNameRange     '2.14.14',
26 silly addNameRange     '3.5.2',
26 silly addNameRange     '2.14.15',
26 silly addNameRange     '3.5.3',
26 silly addNameRange     '3.5.4',
26 silly addNameRange     '3.6.0',
26 silly addNameRange     '2.14.16',
26 silly addNameRange     '2.14.17',
26 silly addNameRange     '3.7.0',
26 silly addNameRange     '3.7.1',
26 silly addNameRange     '3.7.2',
26 silly addNameRange     '2.14.18',
26 silly addNameRange     '3.7.3',
26 silly addNameRange     '2.14.19',
26 silly addNameRange     '2.14.20',
26 silly addNameRange     '3.7.4',
26 silly addNameRange     '3.7.5',
26 silly addNameRange     '2.14.21',
26 silly addNameRange     '3.8.0',
26 silly addNameRange     '2.14.22',
26 silly addNameRange     '3.8.1',
26 silly addNameRange     '3.8.2',
26 silly addNameRange     '2.15.0',
26 silly addNameRange     '2.15.1',
26 silly addNameRange     '3.8.3',
26 silly addNameRange     '2.15.2',
26 silly addNameRange     '3.8.4',
26 silly addNameRange     '3.8.5',
26 silly addNameRange     '3.8.6',
26 silly addNameRange     '2.15.3',
26 silly addNameRange     '3.8.7',
26 silly addNameRange     '2.15.4',
26 silly addNameRange     '3.8.8',
26 silly addNameRange     '3.8.9',
26 silly addNameRange     '2.15.5',
26 silly addNameRange     '3.9.0',
26 silly addNameRange     '3.9.1',
26 silly addNameRange     '2.15.6',
26 silly addNameRange     '3.9.2',
26 silly addNameRange     '3.9.3',
26 silly addNameRange     '3.9.4',
26 silly addNameRange     '3.9.5',
26 silly addNameRange     '3.9.6',
26 silly addNameRange     '3.10.0',
26 silly addNameRange     '2.15.7',
26 silly addNameRange     '3.10.1',
26 silly addNameRange     '2.15.8',
26 silly addNameRange     '3.10.2',
26 silly addNameRange     '3.10.3',
26 silly addNameRange     '3.10.4',
26 silly addNameRange     '2.15.9',
26 silly addNameRange     '3.10.5',
26 silly addNameRange     '3.10.6',
26 silly addNameRange     '3.10.7',
26 silly addNameRange     '2.15.10',
26 silly addNameRange     '3.10.8',
26 silly addNameRange     '2.15.11',
26 silly addNameRange     '3.10.9',
26 silly addNameRange     '4.0.0',
26 silly addNameRange     '4.0.1',
26 silly addNameRange     '4.0.2',
26 silly addNameRange     '3.10.10',
26 silly addNameRange     '4.0.3',
26 silly addNameRange     '4.0.5',
26 silly addNameRange     '4.1.0',
26 silly addNameRange     '4.1.1',
26 silly addNameRange     '4.1.2',
26 silly addNameRange     '4.2.0',
26 silly addNameRange     '4.3.0',
26 silly addNameRange     '4.4.0',
26 silly addNameRange     '4.4.1',
26 silly addNameRange     '4.4.2',
26 silly addNameRange     '4.4.3',
26 silly addNameRange     '4.4.4',
26 silly addNameRange     '4.5.0',
26 silly addNameRange     '2.15.12',
26 silly addNameRange     '4.6.0',
26 silly addNameRange     '4.6.1',
26 silly addNameRange     '5.0.0',
26 silly addNameRange     '5.0.1',
26 silly addNameRange     '5.0.2',
26 silly addNameRange     '5.0.3',
26 silly addNameRange     '5.0.4',
26 silly addNameRange     '5.1.0',
26 silly addNameRange     '5.2.0',
26 silly addNameRange     '5.3.0',
26 silly addNameRange     '5.4.0',
26 silly addNameRange     '5.4.1',
26 silly addNameRange     '5.4.2',
26 silly addNameRange     '5.5.0',
26 silly addNameRange     '5.5.1',
26 silly addNameRange     '5.6.0',
26 silly addNameRange     '5.7.0',
26 silly addNameRange     '5.7.1',
26 silly addNameRange     '5.8.0-next.0',
26 silly addNameRange     '5.8.0',
26 silly addNameRange     '6.0.0-next.0',
26 silly addNameRange     '5.9.0-next.0',
26 silly addNameRange     '5.10.0-next.0',
26 silly addNameRange     '6.0.0-next.1',
26 silly addNameRange     '6.0.0-next.2',
26 silly addNameRange     '6.0.0',
26 silly addNameRange     '6.0.1-next.0',
26 silly addNameRange     '5.10.0-next.1',
26 silly addNameRange     '6.0.1',
26 silly addNameRange     '5.10.0',
26 silly addNameRange     '6.1.0-next.0',
26 silly addNameRange     '6.1.0',
26 silly addNameRange     '6.2.0-next.0',
26 silly addNameRange     '6.2.0-next.1',
26 silly addNameRange     '6.2.0',
26 silly addNameRange     '6.3.0-next.0',
26 silly addNameRange     '6.3.0',
26 silly addNameRange     '6.4.0-next.0',
26 silly addNameRange     '6.4.0',
26 silly addNameRange     '6.4.1-next.0',
26 silly addNameRange     '6.4.1' ] ]
27 verbose addNamed [ 'npm', '6.4.1' ]
28 verbose addNamed [ '6.4.1', '6.4.1' ]
29 silly lockFile f45ac5c2-npm-6-4-1 npm@6.4.1
30 verbose lock npm@6.4.1 /home/ec2-user/.npm/f45ac5c2-npm-6-4-1.lock
31 silly lockFile f45ac5c2-npm-6-4-1 npm@6.4.1
32 silly lockFile f45ac5c2-npm-6-4-1 npm@6.4.1
33 silly lockFile 2f990b75-npm npm@
34 silly lockFile 2f990b75-npm npm@
35 silly resolved [ { version: '6.4.1',
35 silly resolved     name: 'npm',
35 silly resolved     description: 'a package manager for JavaScript',
35 silly resolved     keywords: [ 'install', 'modules', 'package manager', 'package.json' ],
35 silly resolved     preferGlobal: true,
35 silly resolved     config: { publishtest: false },
35 silly resolved     homepage: 'https://docs.npmjs.com/',
35 silly resolved     author:
35 silly resolved      { name: 'Isaac Z. Schlueter',
35 silly resolved        email: 'i@izs.me',
35 silly resolved        url: 'http://blog.izs.me' },
35 silly resolved     repository: { type: 'git', url: 'git+https://github.com/npm/cli.git' },
35 silly resolved     bugs: { url: 'https://npm.community/c/bugs' },
35 silly resolved     directories: { bin: './bin', doc: './doc', lib: './lib', man: './man' },
35 silly resolved     main: './lib/npm.js',
35 silly resolved     bin: { npm: './bin/npm-cli.js', npx: './bin/npx-cli.js' },
35 silly resolved     dependencies:
35 silly resolved      { JSONStream: '^1.3.4',
35 silly resolved        abbrev: '~1.1.1',
35 silly resolved        ansicolors: '~0.3.2',
35 silly resolved        ansistyles: '~0.1.3',
35 silly resolved        aproba: '~1.2.0',
35 silly resolved        archy: '~1.0.0',
35 silly resolved        'bin-links': '^1.1.2',
35 silly resolved        bluebird: '~3.5.1',
35 silly resolved        'byte-size': '^4.0.3',
35 silly resolved        cacache: '^11.2.0',
35 silly resolved        'call-limit': '~1.1.0',
35 silly resolved        chownr: '~1.0.1',
35 silly resolved        'ci-info': '^1.4.0',
35 silly resolved        'cli-columns': '^3.1.2',
35 silly resolved        'cli-table3': '^0.5.0',
35 silly resolved        'cmd-shim': '~2.0.2',
35 silly resolved        columnify: '~1.5.4',
35 silly resolved        'config-chain': '~1.1.11',
35 silly resolved        'detect-indent': '~5.0.0',
35 silly resolved        'detect-newline': '^2.1.0',
35 silly resolved        dezalgo: '~1.0.3',
35 silly resolved        editor: '~1.0.0',
35 silly resolved        'figgy-pudding': '^3.4.1',
35 silly resolved        'find-npm-prefix': '^1.0.2',
35 silly resolved        'fs-vacuum': '~1.2.10',
35 silly resolved        'fs-write-stream-atomic': '~1.0.10',
35 silly resolved        'gentle-fs': '^2.0.1',
35 silly resolved        glob: '~7.1.2',
35 silly resolved        'graceful-fs': '~4.1.11',
35 silly resolved        'has-unicode': '~2.0.1',
35 silly resolved        'hosted-git-info': '^2.7.1',
35 silly resolved        iferr: '^1.0.2',
35 silly resolved        inflight: '~1.0.6',
35 silly resolved        inherits: '~2.0.3',
35 silly resolved        ini: '^1.3.5',
35 silly resolved        'init-package-json': '^1.10.3',
35 silly resolved        'is-cidr': '^2.0.6',
35 silly resolved        'json-parse-better-errors': '^1.0.2',
35 silly resolved        'lazy-property': '~1.0.0',
35 silly resolved        libcipm: '^2.0.2',
35 silly resolved        libnpmhook: '^4.0.1',
35 silly resolved        libnpx: '^10.2.0',
35 silly resolved        'lock-verify': '^2.0.2',
35 silly resolved        lockfile: '^1.0.4',
35 silly resolved        'lodash._baseuniq': '~4.6.0',
35 silly resolved        'lodash.clonedeep': '~4.5.0',
35 silly resolved        'lodash.union': '~4.6.0',
35 silly resolved        'lodash.uniq': '~4.5.0',
35 silly resolved        'lodash.without': '~4.4.0',
35 silly resolved        'lru-cache': '^4.1.3',
35 silly resolved        meant: '~1.0.1',
35 silly resolved        mississippi: '^3.0.0',
35 silly resolved        mkdirp: '~0.5.1',
35 silly resolved        'move-concurrently': '^1.0.1',
35 silly resolved        'node-gyp': '^3.8.0',
35 silly resolved        nopt: '~4.0.1',
35 silly resolved        'normalize-package-data': '~2.4.0',
35 silly resolved        'npm-audit-report': '^1.3.1',
35 silly resolved        'npm-cache-filename': '~1.0.2',
35 silly resolved        'npm-install-checks': '~3.0.0',
35 silly resolved        'npm-lifecycle': '^2.1.0',
35 silly resolved        'npm-package-arg': '^6.1.0',
35 silly resolved        'npm-packlist': '^1.1.11',
35 silly resolved        'npm-pick-manifest': '^2.1.0',
35 silly resolved        'npm-profile': '^3.0.2',
35 silly resolved        'npm-registry-client': '^8.6.0',
35 silly resolved        'npm-registry-fetch': '^1.1.0',
35 silly resolved        'npm-user-validate': '~1.0.0',
35 silly resolved        npmlog: '~4.1.2',
35 silly resolved        once: '~1.4.0',
35 silly resolved        opener: '^1.5.0',
35 silly resolved        osenv: '^0.1.5',
35 silly resolved        pacote: '^8.1.6',
35 silly resolved        'path-is-inside': '~1.0.2',
35 silly resolved        'promise-inflight': '~1.0.1',
35 silly resolved        'qrcode-terminal': '^0.12.0',
35 silly resolved        'query-string': '^6.1.0',
35 silly resolved        qw: '~1.0.1',
35 silly resolved        read: '~1.0.7',
35 silly resolved        'read-cmd-shim': '~1.0.1',
35 silly resolved        'read-installed': '~4.0.3',
35 silly resolved        'read-package-json': '^2.0.13',
35 silly resolved        'read-package-tree': '^5.2.1',
35 silly resolved        'readable-stream': '^2.3.6',
35 silly resolved        request: '^2.88.0',
35 silly resolved        retry: '^0.12.0',
35 silly resolved        rimraf: '~2.6.2',
35 silly resolved        'safe-buffer': '^5.1.2',
35 silly resolved        semver: '^5.5.0',
35 silly resolved        sha: '~2.0.1',
35 silly resolved        slide: '~1.1.6',
35 silly resolved        'sorted-object': '~2.0.1',
35 silly resolved        'sorted-union-stream': '~2.1.3',
35 silly resolved        ssri: '^6.0.0',
35 silly resolved        'stringify-package': '^1.0.0',
35 silly resolved        tar: '^4.4.6',
35 silly resolved        'text-table': '~0.2.0',
35 silly resolved        'tiny-relative-date': '^1.3.0',
35 silly resolved        'uid-number': '0.0.6',
35 silly resolved        umask: '~1.1.0',
35 silly resolved        'unique-filename': '~1.1.0',
35 silly resolved        unpipe: '~1.0.0',
35 silly resolved        'update-notifier': '^2.5.0',
35 silly resolved        uuid: '^3.3.2',
35 silly resolved        'validate-npm-package-license': '^3.0.4',
35 silly resolved        'validate-npm-package-name': '~3.0.0',
35 silly resolved        which: '^1.3.1',
35 silly resolved        'worker-farm': '^1.6.0',
35 silly resolved        'write-file-atomic': '^2.3.0',
35 silly resolved        debuglog: '*',
35 silly resolved        imurmurhash: '*',
35 silly resolved        'lodash._baseindexof': '*',
35 silly resolved        'lodash._bindcallback': '*',
35 silly resolved        'lodash._cacheindexof': '*',
35 silly resolved        'lodash._createcache': '*',
35 silly resolved        'lodash._getnative': '*',
35 silly resolved        'lodash.restparam': '*',
35 silly resolved        'readdir-scoped-modules': '*' },
35 silly resolved     bundleDependencies:
35 silly resolved      [ 'abbrev',
35 silly resolved        'ansicolors',
35 silly resolved        'ansistyles',
35 silly resolved        'aproba',
35 silly resolved        'archy',
35 silly resolved        'byte-size',
35 silly resolved        'cacache',
35 silly resolved        'call-limit',
35 silly resolved        'bluebird',
35 silly resolved        'bin-links',
35 silly resolved        'chownr',
35 silly resolved        'ci-info',
35 silly resolved        'cmd-shim',
35 silly resolved        'columnify',
35 silly resolved        'config-chain',
35 silly resolved        'debuglog',
35 silly resolved        'detect-indent',
35 silly resolved        'detect-newline',
35 silly resolved        'dezalgo',
35 silly resolved        'editor',
35 silly resolved        'figgy-pudding',
35 silly resolved        'find-npm-prefix',
35 silly resolved        'fs-vacuum',
35 silly resolved        'fs-write-stream-atomic',
35 silly resolved        'gentle-fs',
35 silly resolved        'glob',
35 silly resolved        'graceful-fs',
35 silly resolved        'has-unicode',
35 silly resolved        'hosted-git-info',
35 silly resolved        'iferr',
35 silly resolved        'imurmurhash',
35 silly resolved        'inflight',
35 silly resolved        'inherits',
35 silly resolved        'ini',
35 silly resolved        'init-package-json',
35 silly resolved        'is-cidr',
35 silly resolved        'json-parse-better-errors',
35 silly resolved        'JSONStream',
35 silly resolved        'lazy-property',
35 silly resolved        'libcipm',
35 silly resolved        'libnpmhook',
35 silly resolved        'libnpx',
35 silly resolved        'lockfile',
35 silly resolved        'lodash._baseindexof',
35 silly resolved        'lodash._baseuniq',
35 silly resolved        'lodash._bindcallback',
35 silly resolved        'lodash._cacheindexof',
35 silly resolved        'lodash._createcache',
35 silly resolved        'lodash._getnative',
35 silly resolved        'lodash.clonedeep',
35 silly resolved        'lodash.restparam',
35 silly resolved        'lodash.union',
35 silly resolved        'lodash.uniq',
35 silly resolved        'lodash.without',
35 silly resolved        'lru-cache',
35 silly resolved        'meant',
35 silly resolved        'mkdirp',
35 silly resolved        'mississippi',
35 silly resolved        'move-concurrently',
35 silly resolved        'nopt',
35 silly resolved        'normalize-package-data',
35 silly resolved        'npm-audit-report',
35 silly resolved        'npm-cache-filename',
35 silly resolved        'npm-lifecycle',
35 silly resolved        'npm-install-checks',
35 silly resolved        'npm-package-arg',
35 silly resolved        'npm-packlist',
35 silly resolved        'npm-pick-manifest',
35 silly resolved        'npm-profile',
35 silly resolved        'npm-registry-client',
35 silly resolved        'npm-registry-fetch',
35 silly resolved        'npm-user-validate',
35 silly resolved        'npmlog',
35 silly resolved        'once',
35 silly resolved        'opener',
35 silly resolved        'osenv',
35 silly resolved        'pacote',
35 silly resolved        'path-is-inside',
35 silly resolved        'promise-inflight',
35 silly resolved        'query-string',
35 silly resolved        'qrcode-terminal',
35 silly resolved        'qw',
35 silly resolved        'read',
35 silly resolved        'read-cmd-shim',
35 silly resolved        'read-installed',
35 silly resolved        'read-package-json',
35 silly resolved        'read-package-tree',
35 silly resolved        'readable-stream',
35 silly resolved        'readdir-scoped-modules',
35 silly resolved        'request',
35 silly resolved        'retry',
35 silly resolved        'rimraf',
35 silly resolved        'semver',
35 silly resolved        'sha',
35 silly resolved        'slide',
35 silly resolved        'sorted-object',
35 silly resolved        'sorted-union-stream',
35 silly resolved        'ssri',
35 silly resolved        'tar',
35 silly resolved        'text-table',
35 silly resolved        'uid-number',
35 silly resolved        'umask',
35 silly resolved        'unique-filename',
35 silly resolved        'unpipe',
35 silly resolved        'update-notifier',
35 silly resolved        'uuid',
35 silly resolved        'validate-npm-package-license',
35 silly resolved        'validate-npm-package-name',
35 silly resolved        'which',
35 silly resolved        'write-file-atomic',
35 silly resolved        'safe-buffer',
35 silly resolved        'worker-farm',
35 silly resolved        'tiny-relative-date',
35 silly resolved        'cli-columns',
35 silly resolved        'cli-table3',
35 silly resolved        'node-gyp',
35 silly resolved        'lock-verify',
35 silly resolved        'stringify-package' ],
35 silly resolved     devDependencies:
35 silly resolved      { 'deep-equal': '~1.0.1',
35 silly resolved        marked: '^0.5.0',
35 silly resolved        'marked-man': '~0.2.1',
35 silly resolved        'npm-registry-couchapp': '^2.7.1',
35 silly resolved        'npm-registry-mock': '~1.1.0',
35 silly resolved        'require-inject': '^1.4.3',
35 silly resolved        'sprintf-js': '~1.1.1',
35 silly resolved        standard: '^11.0.1',
35 silly resolved        tacks: '^1.2.7',
35 silly resolved        tap: '^12.0.1' },
35 silly resolved     scripts:
35 silly resolved      { dumpconf: 'env | grep npm | sort | uniq',
35 silly resolved        prepare: 'node bin/npm-cli.js --no-audit --no-timing prune --prefix=. --no-global && rimraf test/*/*/node_modules && make -j4 doc',
35 silly resolved        preversion: 'bash scripts/update-authors.sh && git add AUTHORS && git commit -m "update AUTHORS" || true',
35 silly resolved        tap: 'tap --reporter=classic --timeout 300',
35 silly resolved        'tap-cover': 'tap --reporter=classic --nyc-arg=\'--cache\' --coverage --timeout 600',
35 silly resolved        test: 'standard && npm run test-tap',
35 silly resolved        'test-coverage': 'npm run tap-cover -- "test/tap/*.js" "test/network/*.js" "test/broken-under-*/*.js"',
35 silly resolved        'test-tap': 'npm run tap -- "test/tap/*.js" "test/network/*.js" "test/broken-under-*/*.js"',
35 silly resolved        'test-node': 'tap --timeout 240 "test/tap/*.js" "test/network/*.js" "test/broken-under-nyc*/*.js"' },
35 silly resolved     license: 'Artistic-2.0',
35 silly resolved     man:
35 silly resolved      [ '/Users/zkat/Documents/code/work/npm/man/man1/npm-access.1',
35 silly resolved        '/Users/zkat/Documents/code/work/npm/man/man1/npm-adduser.1',
35 silly resolved        '/Users/zkat/Documents/code/work/npm/man/man1/npm-audit.1',
35 silly resolved        '/Users/zkat/Documents/code/work/npm/man/man1/npm-bin.1',
35 silly resolved        '/Users/zkat/Documents/code/work/npm/man/man1/npm-bugs.1',
35 silly resolved        '/Users/zkat/Documents/code/work/npm/man/man1/npm-build.1',
35 silly resolved        '/Users/zkat/Documents/code/work/npm/man/man1/npm-bundle.1',
35 silly resolved        '/Users/zkat/Documents/code/work/npm/man/man1/npm-cache.1',
35 silly resolved        '/Users/zkat/Documents/code/work/npm/man/man1/npm-ci.1',
35 silly resolved        '/Users/zkat/Documents/code/work/npm/man/man1/npm-completion.1',
35 silly resolved        '/Users/zkat/Documents/code/work/npm/man/man1/npm-config.1',
35 silly resolved        '/Users/zkat/Documents/code/work/npm/man/man1/npm-dedupe.1',
35 silly resolved        '/Users/zkat/Documents/code/work/npm/man/man1/npm-deprecate.1',
35 silly resolved        '/Users/zkat/Documents/code/work/npm/man/man1/npm-dist-tag.1',
35 silly resolved        '/Users/zkat/Documents/code/work/npm/man/man1/npm-docs.1',
35 silly resolved        '/Users/zkat/Documents/code/work/npm/man/man1/npm-doctor.1',
35 silly resolved        '/Users/zkat/Documents/code/work/npm/man/man1/npm-edit.1',
35 silly resolved        '/Users/zkat/Documents/code/work/npm/man/man1/npm-explore.1',
35 silly resolved        '/Users/zkat/Documents/code/work/npm/man/man1/npm-help-search.1',
35 silly resolved        '/Users/zkat/Documents/code/work/npm/man/man1/npm-help.1',
35 silly resolved        '/Users/zkat/Documents/code/work/npm/man/man1/npm-hook.1',
35 silly resolved        '/Users/zkat/Documents/code/work/npm/man/man1/npm-init.1',
35 silly resolved        '/Users/zkat/Documents/code/work/npm/man/man1/npm-install-ci-test.1',
35 silly resolved        '/Users/zkat/Documents/code/work/npm/man/man1/npm-install-test.1',
35 silly resolved        '/Users/zkat/Documents/code/work/npm/man/man1/npm-install.1',
35 silly resolved        '/Users/zkat/Documents/code/work/npm/man/man1/npm-link.1',
35 silly resolved        '/Users/zkat/Documents/code/work/npm/man/man1/npm-logout.1',
35 silly resolved        '/Users/zkat/Documents/code/work/npm/man/man1/npm-ls.1',
35 silly resolved        '/Users/zkat/Documents/code/work/npm/man/man1/npm-outdated.1',
35 silly resolved        '/Users/zkat/Documents/code/work/npm/man/man1/npm-owner.1',
35 silly resolved        '/Users/zkat/Documents/code/work/npm/man/man1/npm-pack.1',
35 silly resolved        '/Users/zkat/Documents/code/work/npm/man/man1/npm-ping.1',
35 silly resolved        '/Users/zkat/Documents/code/work/npm/man/man1/npm-prefix.1',
35 silly resolved        '/Users/zkat/Documents/code/work/npm/man/man1/npm-profile.1',
35 silly resolved        '/Users/zkat/Documents/code/work/npm/man/man1/npm-prune.1',
35 silly resolved        '/Users/zkat/Documents/code/work/npm/man/man1/npm-publish.1',
35 silly resolved        '/Users/zkat/Documents/code/work/npm/man/man1/npm-README.1',
35 silly resolved        '/Users/zkat/Documents/code/work/npm/man/man1/npm-rebuild.1',
35 silly resolved        '/Users/zkat/Documents/code/work/npm/man/man1/npm-repo.1',
35 silly resolved        '/Users/zkat/Documents/code/work/npm/man/man1/npm-restart.1',
35 silly resolved        '/Users/zkat/Documents/code/work/npm/man/man1/npm-root.1',
35 silly resolved        '/Users/zkat/Documents/code/work/npm/man/man1/npm-run-script.1',
35 silly resolved        '/Users/zkat/Documents/code/work/npm/man/man1/npm-search.1',
35 silly resolved        '/Users/zkat/Documents/code/work/npm/man/man1/npm-shrinkwrap.1',
35 silly resolved        '/Users/zkat/Documents/code/work/npm/man/man1/npm-star.1',
35 silly resolved        '/Users/zkat/Documents/code/work/npm/man/man1/npm-stars.1',
35 silly resolved        '/Users/zkat/Documents/code/work/npm/man/man1/npm-start.1',
35 silly resolved        '/Users/zkat/Documents/code/work/npm/man/man1/npm-stop.1',
35 silly resolved        '/Users/zkat/Documents/code/work/npm/man/man1/npm-team.1',
35 silly resolved        '/Users/zkat/Documents/code/work/npm/man/man1/npm-test.1',
35 silly resolved        '/Users/zkat/Documents/code/work/npm/man/man1/npm-token.1',
35 silly resolved        '/Users/zkat/Documents/code/work/npm/man/man1/npm-uninstall.1',
35 silly resolved        '/Users/zkat/Documents/code/work/npm/man/man1/npm-unpublish.1',
35 silly resolved        '/Users/zkat/Documents/code/work/npm/man/man1/npm-update.1',
35 silly resolved        '/Users/zkat/Documents/code/work/npm/man/man1/npm-version.1',
35 silly resolved        '/Users/zkat/Documents/code/work/npm/man/man1/npm-view.1',
35 silly resolved        '/Users/zkat/Documents/code/work/npm/man/man1/npm-whoami.1',
35 silly resolved        '/Users/zkat/Documents/code/work/npm/man/man1/npm.1',
35 silly resolved        '/Users/zkat/Documents/code/work/npm/man/man1/npx.1',
35 silly resolved        '/Users/zkat/Documents/code/work/npm/man/man5/npm-folders.5',
35 silly resolved        '/Users/zkat/Documents/code/work/npm/man/man5/npm-global.5',
35 silly resolved        '/Users/zkat/Documents/code/work/npm/man/man5/npm-json.5',
35 silly resolved        '/Users/zkat/Documents/code/work/npm/man/man5/npm-package-locks.5',
35 silly resolved        '/Users/zkat/Documents/code/work/npm/man/man5/npm-shrinkwrap.json.5',
35 silly resolved        '/Users/zkat/Documents/code/work/npm/man/man5/npmrc.5',
35 silly resolved        '/Users/zkat/Documents/code/work/npm/man/man5/package-lock.json.5',
35 silly resolved        '/Users/zkat/Documents/code/work/npm/man/man5/package.json.5',
35 silly resolved        '/Users/zkat/Documents/code/work/npm/man/man7/npm-coding-style.7',
35 silly resolved        '/Users/zkat/Documents/code/work/npm/man/man7/npm-config.7',
35 silly resolved        '/Users/zkat/Documents/code/work/npm/man/man7/npm-developers.7',
35 silly resolved        '/Users/zkat/Documents/code/work/npm/man/man7/npm-disputes.7',
35 silly resolved        '/Users/zkat/Documents/code/work/npm/man/man7/npm-index.7',
35 silly resolved        '/Users/zkat/Documents/code/work/npm/man/man7/npm-orgs.7',
35 silly resolved        '/Users/zkat/Documents/code/work/npm/man/man7/npm-registry.7',
35 silly resolved        '/Users/zkat/Documents/code/work/npm/man/man7/npm-scope.7',
35 silly resolved        '/Users/zkat/Documents/code/work/npm/man/man7/npm-scripts.7',
35 silly resolved        '/Users/zkat/Documents/code/work/npm/man/man7/removing-npm.7',
35 silly resolved        '/Users/zkat/Documents/code/work/npm/man/man7/semver.7' ],
35 silly resolved     contributors:
35 silly resolved      [ [Object],
35 silly resolved        [Object],
35 silly resolved        [Object],
35 silly resolved        [Object],
35 silly resolved        [Object],
35 silly resolved        [Object],
35 silly resolved        [Object],
35 silly resolved        [Object],
35 silly resolved        [Object],
35 silly resolved        [Object],
35 silly resolved        [Object],
35 silly resolved        [Object],
35 silly resolved        [Object],
35 silly resolved        [Object],
35 silly resolved        [Object],
35 silly resolved        [Object],
35 silly resolved        [Object],
35 silly resolved        [Object],
35 silly resolved        [Object],
35 silly resolved        [Object],
35 silly resolved        [Object],
35 silly resolved        [Object],
35 silly resolved        [Object],
35 silly resolved        [Object],
35 silly resolved        [Object],
35 silly resolved        [Object],
35 silly resolved        [Object],
35 silly resolved        [Object],
35 silly resolved        [Object],
35 silly resolved        [Object],
35 silly resolved        [Object],
35 silly resolved        [Object],
35 silly resolved        [Object],
35 silly resolved        [Object],
35 silly resolved        [Object],
35 silly resolved        [Object],
35 silly resolved        [Object],
35 silly resolved        [Object],
35 silly resolved        [Object],
35 silly resolved        [Object],
35 silly resolved        [Object],
35 silly resolved        [Object],
35 silly resolved        [Object],
35 silly resolved        [Object],
35 silly resolved        [Object],
35 silly resolved        [Object],
35 silly resolved        [Object],
35 silly resolved        [Object],
35 silly resolved        [Object],
35 silly resolved        [Object],
35 silly resolved        [Object],
35 silly resolved        [Object],
35 silly resolved        [Object],
35 silly resolved        [Object],
35 silly resolved        [Object],
35 silly resolved        [Object],
35 silly resolved        [Object],
35 silly resolved        [Object],
35 silly resolved        [Object],
35 silly resolved        [Object],
35 silly resolved        [Object],
35 silly resolved        [Object],
35 silly resolved        [Object],
35 silly resolved        [Object],
35 silly resolved        [Object],
35 silly resolved        [Object],
35 silly resolved        [Object],
35 silly resolved        [Object],
35 silly resolved        [Object],
35 silly resolved        [Object],
35 silly resolved        [Object],
35 silly resolved        [Object],
35 silly resolved        [Object],
35 silly resolved        [Object],
35 silly resolved        [Object],
35 silly resolved        [Object],
35 silly resolved        [Object],
35 silly resolved        [Object],
35 silly resolved        [Object],
35 silly resolved        [Object],
35 silly resolved        [Object],
35 silly resolved        [Object],
35 silly resolved        [Object],
35 silly resolved        [Object],
35 silly resolved        [Object],
35 silly resolved        [Object],
35 silly resolved        [Object],
35 silly resolved        [Object],
35 silly resolved        [Object],
35 silly resolved        [Object],
35 silly resolved        [Object],
35 silly resolved        [Object],
35 silly resolved        [Object],
35 silly resolved        [Object],
35 silly resolved        [Object],
35 silly resolved        [Object],
35 silly resolved        [Object],
35 silly resolved        [Object],
35 silly resolved        [Object],
35 silly resolved        [Object],
35 silly resolved        [Object],
35 silly resolved        [Object],
35 silly resolved        [Object],
35 silly resolved        [Object],
35 silly resolved        [Object],
35 silly resolved        [Object],
35 silly resolved        [Object],
35 silly resolved        [Object],
35 silly resolved        [Object],
35 silly resolved        [Object],
35 silly resolved        [Object],
35 silly resolved        [Object],
35 silly resolved        [Object],
35 silly resolved        [Object],
35 silly resolved        [Object],
35 silly resolved        [Object],
35 silly resolved        [Object],
35 silly resolved        [Object],
35 silly resolved        [Object],
35 silly resolved        [Object],
35 silly resolved        [Object],
35 silly resolved        [Object],
35 silly resolved        [Object],
35 silly resolved        [Object],
35 silly resolved        [Object],
35 silly resolved        [Object],
35 silly resolved        [Object],
35 silly resolved        [Object],
35 silly resolved        [Object],
35 silly resolved        [Object],
35 silly resolved        [Object],
35 silly resolved        [Object],
35 silly resolved        [Object],
35 silly resolved        [Object],
35 silly resolved        [Object],
35 silly resolved        [Object],
35 silly resolved        [Object],
35 silly resolved        [Object],
35 silly resolved        [Object],
35 silly resolved        [Object],
35 silly resolved        [Object],
35 silly resolved        [Object],
35 silly resolved        [Object],
35 silly resolved        [Object],
35 silly resolved        [Object],
35 silly resolved        [Object],
35 silly resolved        [Object],
35 silly resolved        [Object],
35 silly resolved        [Object],
35 silly resolved        [Object],
35 silly resolved        [Object],
35 silly resolved        [Object],
35 silly resolved        [Object],
35 silly resolved        [Object],
35 silly resolved        [Object],
35 silly resolved        [Object],
35 silly resolved        [Object],
35 silly resolved        [Object],
35 silly resolved        [Object],
35 silly resolved        [Object],
35 silly resolved        [Object],
35 silly resolved        [Object],
35 silly resolved        [Object],
35 silly resolved        [Object],
35 silly resolved        [Object],
35 silly resolved        [Object],
35 silly resolved        [Object],
35 silly resolved        [Object],
35 silly resolved        [Object],
35 silly resolved        [Object],
35 silly resolved        [Object],
35 silly resolved        [Object],
35 silly resolved        [Object],
35 silly resolved        [Object],
35 silly resolved        [Object],
35 silly resolved        [Object],
35 silly resolved        [Object],
35 silly resolved        [Object],
35 silly resolved        [Object],
35 silly resolved        [Object],
35 silly resolved        [Object],
35 silly resolved        [Object],
35 silly resolved        [Object],
35 silly resolved        [Object],
35 silly resolved        [Object],
35 silly resolved        [Object],
35 silly resolved        [Object],
35 silly resolved        [Object],
35 silly resolved        [Object],
35 silly resolved        [Object],
35 silly resolved        [Object],
35 silly resolved        [Object],
35 silly resolved        [Object],
35 silly resolved        [Object],
35 silly resolved        [Object],
35 silly resolved        [Object],
35 silly resolved        [Object],
35 silly resolved        [Object],
35 silly resolved        [Object],
35 silly resolved        [Object],
35 silly resolved        [Object],
35 silly resolved        [Object],
35 silly resolved        [Object],
35 silly resolved        [Object],
35 silly resolved        [Object],
35 silly resolved        [Object],
35 silly resolved        [Object],
35 silly resolved        [Object],
35 silly resolved        [Object],
35 silly resolved        [Object],
35 silly resolved        [Object],
35 silly resolved        [Object],
35 silly resolved        [Object],
35 silly resolved        [Object],
35 silly resolved        [Object],
35 silly resolved        [Object],
35 silly resolved        [Object],
35 silly resolved        [Object],
35 silly resolved        [Object],
35 silly resolved        [Object],
35 silly resolved        [Object],
35 silly resolved        [Object],
35 silly resolved        [Object],
35 silly resolved        [Object],
35 silly resolved        [Object],
35 silly resolved        [Object],
35 silly resolved        [Object],
35 silly resolved        [Object],
35 silly resolved        [Object],
35 silly resolved        [Object],
35 silly resolved        [Object],
35 silly resolved        [Object],
35 silly resolved        [Object],
35 silly resolved        [Object],
35 silly resolved        [Object],
35 silly resolved        [Object],
35 silly resolved        [Object],
35 silly resolved        [Object],
35 silly resolved        [Object],
35 silly resolved        [Object],
35 silly resolved        [Object],
35 silly resolved        [Object],
35 silly resolved        [Object],
35 silly resolved        [Object],
35 silly resolved        [Object],
35 silly resolved        [Object],
35 silly resolved        [Object],
35 silly resolved        [Object],
35 silly resolved        [Object],
35 silly resolved        [Object],
35 silly resolved        [Object],
35 silly resolved        [Object],
35 silly resolved        [Object],
35 silly resolved        [Object],
35 silly resolved        [Object],
35 silly resolved        [Object],
35 silly resolved        [Object],
35 silly resolved        [Object],
35 silly resolved        [Object],
35 silly resolved        [Object],
35 silly resolved        [Object],
35 silly resolved        [Object],
35 silly resolved        [Object],
35 silly resolved        [Object],
35 silly resolved        [Object],
35 silly resolved        [Object],
35 silly resolved        [Object],
35 silly resolved        [Object],
35 silly resolved        [Object],
35 silly resolved        [Object],
35 silly resolved        [Object],
35 silly resolved        [Object],
35 silly resolved        [Object],
35 silly resolved        [Object],
35 silly resolved        [Object],
35 silly resolved        [Object],
35 silly resolved        [Object],
35 silly resolved        [Object],
35 silly resolved        [Object],
35 silly resolved        [Object],
35 silly resolved        [Object],
35 silly resolved        [Object],
35 silly resolved        [Object],
35 silly resolved        [Object],
35 silly resolved        [Object],
35 silly resolved        [Object],
35 silly resolved        [Object],
35 silly resolved        [Object],
35 silly resolved        [Object],
35 silly resolved        [Object],
35 silly resolved        [Object],
35 silly resolved        [Object],
35 silly resolved        [Object],
35 silly resolved        [Object],
35 silly resolved        [Object],
35 silly resolved        [Object],
35 silly resolved        [Object],
35 silly resolved        [Object],
35 silly resolved        [Object],
35 silly resolved        [Object],
35 silly resolved        [Object],
35 silly resolved        [Object],
35 silly resolved        [Object],
35 silly resolved        [Object],
35 silly resolved        [Object],
35 silly resolved        [Object],
35 silly resolved        [Object],
35 silly resolved        [Object],
35 silly resolved        [Object],
35 silly resolved        [Object],
35 silly resolved        [Object],
35 silly resolved        [Object],
35 silly resolved        [Object],
35 silly resolved        [Object],
35 silly resolved        [Object],
35 silly resolved        [Object],
35 silly resolved        [Object],
35 silly resolved        [Object],
35 silly resolved        [Object],
35 silly resolved        [Object],
35 silly resolved        [Object],
35 silly resolved        [Object],
35 silly resolved        [Object],
35 silly resolved        [Object],
35 silly resolved        [Object],
35 silly resolved        [Object],
35 silly resolved        [Object],
35 silly resolved        [Object],
35 silly resolved        [Object],
35 silly resolved        [Object],
35 silly resolved        [Object],
35 silly resolved        [Object],
35 silly resolved        [Object],
35 silly resolved        [Object],
35 silly resolved        [Object],
35 silly resolved        [Object],
35 silly resolved        [Object],
35 silly resolved        [Object],
35 silly resolved        [Object],
35 silly resolved        [Object],
35 silly resolved        [Object],
35 silly resolved        [Object],
35 silly resolved        [Object],
35 silly resolved        [Object],
35 silly resolved        [Object],
35 silly resolved        [Object],
35 silly resolved        [Object],
35 silly resolved        [Object],
35 silly resolved        [Object],
35 silly resolved        [Object],
35 silly resolved        [Object],
35 silly resolved        [Object],
35 silly resolved        [Object],
35 silly resolved        [Object],
35 silly resolved        [Object],
35 silly resolved        [Object],
35 silly resolved        [Object],
35 silly resolved        [Object],
35 silly resolved        [Object],
35 silly resolved        [Object],
35 silly resolved        [Object],
35 silly resolved        [Object],
35 silly resolved        [Object],
35 silly resolved        [Object],
35 silly resolved        [Object],
35 silly resolved        [Object],
35 silly resolved        [Object],
35 silly resolved        [Object],
35 silly resolved        [Object],
35 silly resolved        [Object],
35 silly resolved        [Object],
35 silly resolved        [Object],
35 silly resolved        [Object],
35 silly resolved        [Object],
35 silly resolved        [Object],
35 silly resolved        [Object],
35 silly resolved        [Object],
35 silly resolved        [Object],
35 silly resolved        [Object],
35 silly resolved        [Object],
35 silly resolved        [Object],
35 silly resolved        [Object],
35 silly resolved        [Object],
35 silly resolved        [Object],
35 silly resolved        [Object],
35 silly resolved        [Object],
35 silly resolved        [Object],
35 silly resolved        [Object],
35 silly resolved        [Object],
35 silly resolved        [Object],
35 silly resolved        [Object],
35 silly resolved        [Object],
35 silly resolved        [Object],
35 silly resolved        [Object],
35 silly resolved        [Object],
35 silly resolved        [Object],
35 silly resolved        [Object],
35 silly resolved        [Object],
35 silly resolved        [Object],
35 silly resolved        [Object],
35 silly resolved        [Object],
35 silly resolved        [Object],
35 silly resolved        [Object],
35 silly resolved        [Object],
35 silly resolved        [Object],
35 silly resolved        [Object],
35 silly resolved        [Object],
35 silly resolved        [Object],
35 silly resolved        [Object],
35 silly resolved        [Object],
35 silly resolved        [Object],
35 silly resolved        [Object],
35 silly resolved        [Object],
35 silly resolved        [Object],
35 silly resolved        [Object],
35 silly resolved        [Object],
35 silly resolved        [Object],
35 silly resolved        [Object],
35 silly resolved        [Object],
35 silly resolved        [Object],
35 silly resolved        [Object],
35 silly resolved        [Object],
35 silly resolved        [Object],
35 silly resolved        [Object],
35 silly resolved        [Object],
35 silly resolved        [Object],
35 silly resolved        [Object],
35 silly resolved        [Object],
35 silly resolved        [Object],
35 silly resolved        [Object],
35 silly resolved        [Object],
35 silly resolved        [Object],
35 silly resolved        [Object],
35 silly resolved        [Object],
35 silly resolved        [Object],
35 silly resolved        [Object],
35 silly resolved        [Object],
35 silly resolved        [Object],
35 silly resolved        [Object],
35 silly resolved        [Object],
35 silly resolved        [Object],
35 silly resolved        [Object],
35 silly resolved        [Object],
35 silly resolved        [Object],
35 silly resolved        [Object],
35 silly resolved        [Object],
35 silly resolved        [Object],
35 silly resolved        [Object],
35 silly resolved        [Object],
35 silly resolved        [Object],
35 silly resolved        [Object],
35 silly resolved        [Object],
35 silly resolved        [Object],
35 silly resolved        [Object],
35 silly resolved        [Object],
35 silly resolved        [Object],
35 silly resolved        [Object],
35 silly resolved        [Object],
35 silly resolved        [Object],
35 silly resolved        [Object],
35 silly resolved        [Object],
35 silly resolved        [Object],
35 silly resolved        [Object],
35 silly resolved        [Object],
35 silly resolved        [Object],
35 silly resolved        [Object],
35 silly resolved        [Object],
35 silly resolved        [Object],
35 silly resolved        [Object],
35 silly resolved        [Object],
35 silly resolved        [Object],
35 silly resolved        [Object],
35 silly resolved        [Object],
35 silly resolved        [Object],
35 silly resolved        [Object],
35 silly resolved        [Object],
35 silly resolved        [Object],
35 silly resolved        [Object],
35 silly resolved        [Object],
35 silly resolved        [Object],
35 silly resolved        [Object],
35 silly resolved        [Object],
35 silly resolved        [Object],
35 silly resolved        [Object],
35 silly resolved        [Object],
35 silly resolved        [Object],
35 silly resolved        [Object],
35 silly resolved        [Object],
35 silly resolved        [Object],
35 silly resolved        [Object],
35 silly resolved        [Object],
35 silly resolved        [Object],
35 silly resolved        [Object],
35 silly resolved        [Object],
35 silly resolved        [Object],
35 silly resolved        [Object],
35 silly resolved        [Object],
35 silly resolved        [Object],
35 silly resolved        [Object],
35 silly resolved        [Object],
35 silly resolved        [Object],
35 silly resolved        [Object],
35 silly resolved        [Object],
35 silly resolved        [Object],
35 silly resolved        [Object],
35 silly resolved        [Object],
35 silly resolved        [Object],
35 silly resolved        [Object],
35 silly resolved        [Object],
35 silly resolved        [Object],
35 silly resolved        [Object],
35 silly resolved        [Object],
35 silly resolved        [Object],
35 silly resolved        [Object],
35 silly resolved        [Object],
35 silly resolved        [Object],
35 silly resolved        [Object],
35 silly resolved        [Object],
35 silly resolved        [Object],
35 silly resolved        [Object],
35 silly resolved        [Object],
35 silly resolved        [Object],
35 silly resolved        [Object],
35 silly resolved        [Object],
35 silly resolved        [Object],
35 silly resolved        [Object],
35 silly resolved        [Object],
35 silly resolved        [Object],
35 silly resolved        [Object],
35 silly resolved        [Object],
35 silly resolved        [Object],
35 silly resolved        [Object],
35 silly resolved        [Object],
35 silly resolved        [Object],
35 silly resolved        [Object],
35 silly resolved        [Object],
35 silly resolved        [Object],
35 silly resolved        [Object],
35 silly resolved        [Object],
35 silly resolved        [Object],
35 silly resolved        [Object],
35 silly resolved        [Object],
35 silly resolved        [Object],
35 silly resolved        [Object],
35 silly resolved        [Object],
35 silly resolved        [Object],
35 silly resolved        [Object],
35 silly resolved        [Object],
35 silly resolved        [Object],
35 silly resolved        [Object],
35 silly resolved        [Object],
35 silly resolved        [Object],
35 silly resolved        [Object],
35 silly resolved        [Object],
35 silly resolved        [Object],
35 silly resolved        [Object],
35 silly resolved        [Object],
35 silly resolved        [Object],
35 silly resolved        [Object],
35 silly resolved        [Object],
35 silly resolved        [Object],
35 silly resolved        [Object],
35 silly resolved        [Object],
35 silly resolved        [Object],
35 silly resolved        [Object],
35 silly resolved        [Object],
35 silly resolved        [Object],
35 silly resolved        [Object],
35 silly resolved        [Object],
35 silly resolved        [Object],
35 silly resolved        [Object],
35 silly resolved        [Object],
35 silly resolved        [Object],
35 silly resolved        [Object],
35 silly resolved        [Object],
35 silly resolved        [Object],
35 silly resolved        [Object],
35 silly resolved        [Object],
35 silly resolved        [Object],
35 silly resolved        [Object],
35 silly resolved        [Object],
35 silly resolved        [Object],
35 silly resolved        [Object],
35 silly resolved        [Object],
35 silly resolved        [Object],
35 silly resolved        [Object],
35 silly resolved        [Object],
35 silly resolved        [Object],
35 silly resolved        [Object],
35 silly resolved        [Object],
35 silly resolved        [Object],
35 silly resolved        [Object],
35 silly resolved        [Object],
35 silly resolved        [Object],
35 silly resolved        [Object],
35 silly resolved        [Object],
35 silly resolved        [Object],
35 silly resolved        [Object],
35 silly resolved        [Object],
35 silly resolved        [Object],
35 silly resolved        [Object],
35 silly resolved        [Object] ],
35 silly resolved     readme: 'npm(1) -- a JavaScript package manager\n==============================\n\n[![Build Status](https://img.shields.io/travis/npm/cli/latest.svg)](https://travis-ci.org/npm/cli)\n\n## SYNOPSIS\n\nThis is just enough info to get you up and running.\n\nMuch more info will be available via `npm help` once it\'s installed.\n\n## IMPORTANT\n\n**You need node v6 or higher to run this program.**\n\nTo install an old **and unsupported** version of npm that works on node v5\nand prior, clone the git repo and dig through the old tags and branches.\n\n**npm is configured to use npm, Inc.\'s public registry at\n<https://registry.npmjs.org> by default.** Use of the npm public registry\nis subject to terms of use available at <https://www.npmjs.com/policies/terms>.\n\nYou can configure npm to use any compatible registry you\nlike, and even run your own registry. Check out the [doc on\nregistries](https://docs.npmjs.com/misc/registry).\n\n## Super Easy Install\n\nnpm is bundled with [node](https://nodejs.org/en/download/).\n\n### Windows Computers\n\n[Get the MSI](https://nodejs.org/en/download/).  npm is in it.\n\n### Apple Macintosh Computers\n\n[Get the pkg](https://nodejs.org/en/download/).  npm is in it.\n\n### Other Sorts of Unices\n\nRun `make install`.  npm will be installed with node.\n\nIf you want a more fancy pants install (a different version, customized\npaths, etc.) then read on.\n\n## Fancy Install (Unix)\n\nThere\'s a pretty robust install script at\n<https://www.npmjs.com/install.sh>.  You can download that and run it.\n\nHere\'s an example using curl:\n\n```sh\ncurl -L https://www.npmjs.com/install.sh | sh\n```\n\n### Slightly Fancier\n\nYou can set any npm configuration params with that script:\n\n```sh\nnpm_config_prefix=/some/path sh install.sh\n```\n\nOr, you can run it in uber-debuggery mode:\n\n```sh\nnpm_debug=1 sh install.sh\n```\n\n### Even Fancier\n\nGet the code with git.  Use `make` to build the docs and do other stuff.\nIf you plan on hacking on npm, `make link` is your friend.\n\nIf you\'ve got the npm source code, you can also semi-permanently set\narbitrary config keys using the `./configure --key=val ...`, and then\nrun npm commands by doing `node bin/npm-cli.js <command> <args>`.  (This is helpful\nfor testing, or running stuff without actually installing npm itself.)\n\n## Windows Install or Upgrade\n\nMany improvements for Windows users have been made in npm 3 - you will have a better\nexperience if you run a recent version of npm. To upgrade, either use [Microsoft\'s\nupgrade tool](https://github.com/felixrieseberg/npm-windows-upgrade),\n[download a new version of Node](https://nodejs.org/en/download/),\nor follow the Windows upgrade instructions in the\n[Installing/upgrading npm](https://npm.community/t/installing-upgrading-npm/251/2) post.\n\nIf that\'s not fancy enough for you, then you can fetch the code with\ngit, and mess with it directly.\n\n## Installing on Cygwin\n\nNo.\n\n## Uninstalling\n\nSo sad to see you go.\n\n```sh\nsudo npm uninstall npm -g\n```\nOr, if that fails,\n\n```sh\nsudo make uninstall\n```\n\n## More Severe Uninstalling\n\nUsually, the above instructions are sufficient.  That will remove\nnpm, but leave behind anything you\'ve installed.\n\nIf you would like to remove all the packages that you have installed,\nthen you can use the `npm ls` command to find them, and then `npm rm` to\nremove them.\n\nTo remove cruft left behind by npm 0.x, you can use the included\n`clean-old.sh` script file.  You can run it conveniently like this:\n\n```sh\nnpm explore npm -g -- sh scripts/clean-old.sh\n```\n\nnpm uses two configuration files, one for per-user configs, and another\nfor global (every-user) configs.  You can view them by doing:\n\n```sh\nnpm config get userconfig   # defaults to ~/.npmrc\nnpm config get globalconfig # defaults to /usr/local/etc/npmrc\n```\n\nUninstalling npm does not remove configuration files by default.  You\nmust remove them yourself manually if you want them gone.  Note that\nthis means that future npm installs will not remember the settings that\nyou have chosen.\n\n## More Docs\n\nCheck out the [docs](https://docs.npmjs.com/).\n\nYou can use the `npm help` command to read any of them.\n\nIf you\'re a developer, and you want to use npm to publish your program,\nyou should [read this](https://docs.npmjs.com/misc/developers).\n\n## BUGS\n\nWhen you find issues, please report them:\n\n* web:\n  <https://npm.community/c/bugs>\n\nBe sure to include *all* of the output from the npm command that didn\'t work\nas expected.  The `npm-debug.log` file is also helpful to provide.\n\nYou can also find npm people in `#npm` on https://package.community/ or\n[on Twitter](https://twitter.com/npm_support).  Whoever responds will no\ndoubt tell you to put the output in a gist or email.\n\n## SEE ALSO\n\n* npm(1)\n* npm-help(1)\n* npm-index(7)\n',
35 silly resolved     readmeFilename: 'README.md',
35 silly resolved     gitHead: '59e5056a2129cb2951f4ff3b657ada20657f01a7',
35 silly resolved     _id: 'npm@6.4.1',
35 silly resolved     _npmVersion: '6.4.1',
35 silly resolved     _nodeVersion: '10.6.0',
35 silly resolved     _npmUser: { name: 'zkat', email: 'npm@zkat.tech' },
35 silly resolved     dist:
35 silly resolved      { integrity: 'sha512-mXJL1NTVU136PtuopXCUQaNWuHlXCTp4McwlSW8S9/Aj8OEPAlSBgo8og7kJ01MjCDrkmqFQTvN5tTEhBMhXQg==',
35 silly resolved        shasum: '4f39f9337b557a28faed4a771d5c8802d6b4288b',
35 silly resolved        tarball: 'https://registry.npmjs.org/npm/-/npm-6.4.1.tgz',
35 silly resolved        fileCount: 3593,
35 silly resolved        unpackedSize: 16999000,
35 silly resolved        'npm-signature': '-----BEGIN PGP SIGNATURE-----\r\nVersion: OpenPGP.js v3.0.4\r\nComment: https://openpgpjs.org\r\n\r\nwsFcBAEBCAAQBQJbhuQ/CRA9TVsSAnZWagAAhLMP/3qAkKkFfbvFMuC2GM5K\nFcIB0xqXPu4vgGD+0sy8hAXrZXs+yY1BdFU4mqjHLE2rTQd76gU5PKxhrCCQ\nPry4KMeSZz3Fc0A1hztD7mfIYBR99XISnEn0TRLAqZQlBFfRcznIgpBEWREj\nh0fSLg3aTzUdipX/GLDibtF6nHGJjd5vlomQBsRx0AB6Op1jhbA7PU16LHde\nxkzXl7fshWINka3S5+RfuFEb5blOsxe1ke6z8oimh4N5rxaFQAThJfx953Sx\nqI/R4/ESzjsg24KLUk5ftMdEFyXoaygnyoVd0KuVoxODSYoZcjW/C9Aq08T5\nyYfoSGow6yvQMBdl7ho1qOskc8nL/YP22Vh0AsbEXmqHdndGyWHfiSJa/hhC\nojPZzw96E7KH2DUwsHfs82RNeBkg9T6EL8wWdt0UKXpss0fB+LTz+hRciGMl\nPJOk91lCEwPwhZx/RVwtgD3MESFj1TkPKyFgG0PlTmFWeLrlNA5rpUrmATqg\nam81bIzeQX5QjOrfMDDnkD6hBCU+8sHXwZKEQ0C9LaOzs6nKVOICi7x61SLJ\n5X3rXe+6/FwCO36w7ZFrSsRHHVY4thduF0OwiawWrLNL7CvVYU9Ve6QUqRCA\nfamHZttsqyFFFWr4ioK0YAD4DYFJhnuM0I0D6DxTT+zfSMWb+FMAhlrHKMyW\n36kP\r\n=1aEk\r\n-----END PGP SIGNATURE-----\r\n' },
35 silly resolved     maintainers: [ [Object], [Object], [Object], [Object] ],
35 silly resolved     _npmOperationalInternal:
35 silly resolved      { host: 's3://npm-registry-packages',
35 silly resolved        tmp: 'tmp/npm_6.4.1_1535566910580_0.8604408771843277' },
35 silly resolved     _hasShrinkwrap: false,
35 silly resolved     _shasum: '4f39f9337b557a28faed4a771d5c8802d6b4288b',
35 silly resolved     _resolved: 'https://registry.npmjs.org/npm/-/npm-6.4.1.tgz',
35 silly resolved     _from: 'npm@' } ]
36 info install npm@6.4.1 into /usr/lib
37 info installOne npm@6.4.1
38 info /usr/lib/node_modules/npm unbuild
39 info preuninstall npm@1.3.6
40 info uninstall npm@1.3.6
41 verbose true,/usr/lib/node_modules,/usr/lib/node_modules unbuild npm@1.3.6
42 verbose /usr/bin,[object Object] binRoot
43 info /usr/lib/node_modules/npm unbuild
44 info preuninstall npm@1.3.6
45 info uninstall npm@1.3.6
46 verbose true,/usr/lib/node_modules,/usr/lib/node_modules unbuild npm@1.3.6
47 verbose /usr/bin,[object Object] binRoot
48 error error rolling back Error: EACCES, unlink '/usr/bin/npm'
48 error error rolling back  npm@6.4.1 { [Error: EACCES, unlink '/usr/bin/npm'] errno: 3, code: 'EACCES', path: '/usr/bin/npm' }
49 error Error: EACCES, unlink '/usr/bin/npm'
49 error  { [Error: EACCES, unlink '/usr/bin/npm'] errno: 3, code: 'EACCES', path: '/usr/bin/npm' }
50 error Please try running this command again as root/Administrator.
51 error System Linux 4.14.62-65.117.amzn1.x86_64
52 error command "node" "/usr/bin/npm" "install" "npm" "-g"
53 error cwd /home/ec2-user/environment/nodeQuiz
54 error node -v v0.10.48
55 error npm -v 1.3.6
56 error path /usr/bin/npm
57 error code EACCES
58 error errno 3
59 error stack Error: EACCES, unlink '/usr/bin/npm'
60 verbose exit [ 3, true ]
